SF:lib/domain/entities/users_yuutai.dart
DA:21,1
DA:22,1
LF:2
LH:2
end_of_record
SF:lib/domain/entities/users_yuutai.g.dart
DA:9,2
DA:10,1
DA:11,1
DA:12,1
DA:13,1
DA:14,1
DA:15,1
DA:16,2
DA:17,2
DA:18,1
DA:20,2
DA:21,1
DA:23,4
DA:27,1
DA:28,1
DA:29,1
DA:30,1
DA:31,1
DA:32,1
DA:33,1
DA:34,1
DA:35,1
DA:36,1
DA:37,2
DA:38,1
DA:39,1
LF:26
LH:26
end_of_record
SF:lib/core/notifications/notification_service.dart
DA:6,3
DA:7,1
DA:11,0
DA:24,0
DA:27,1
DA:28,2
DA:29,0
DA:30,0
DA:31,0
DA:36,0
DA:37,0
DA:39,0
DA:43,0
DA:48,0
DA:49,0
DA:53,0
DA:54,0
DA:56,0
DA:57,0
DA:61,0
DA:62,0
DA:66,0
DA:67,0
DA:68,0
DA:69,0
DA:76,0
DA:77,0
DA:78,0
DA:81,0
DA:82,0
DA:84,0
DA:87,0
LF:32
LH:4
end_of_record
SF:lib/data/local/drift/database.dart
DA:11,0
DA:12,0
DA:13,0
DA:14,0
DA:15,0
DA:16,0
DA:17,0
DA:18,0
DA:20,0
DA:21,0
DA:22,0
DA:24,0
DA:25,0
DA:27,0
DA:28,0
DA:33,0
DA:36,1
DA:38,1
DA:41,1
DA:42,1
DA:43,1
DA:44,1
DA:46,0
DA:47,0
DA:48,0
DA:49,0
DA:55,0
DA:56,0
DA:57,0
DA:58,0
DA:59,0
LF:31
LH:6
end_of_record
SF:lib/data/local/drift/database.g.dart
DA:11,1
DA:14,2
DA:16,1
DA:23,2
DA:25,1
DA:34,2
DA:36,1
DA:43,2
DA:45,1
DA:54,2
DA:56,1
DA:63,2
DA:65,1
DA:69,1
DA:78,2
DA:80,1
DA:89,2
DA:91,1
DA:100,2
DA:102,1
DA:111,2
DA:113,1
DA:122,2
DA:124,1
DA:133,2
DA:135,1
DA:144,2
DA:146,1
DA:151,1
DA:152,1
DA:153,1
DA:154,1
DA:155,1
DA:156,1
DA:157,1
DA:158,1
DA:159,1
DA:160,1
DA:161,1
DA:162,1
DA:163,1
DA:164,1
DA:165,1
DA:167,1
DA:168,2
DA:169,1
DA:172,1
DA:177,1
DA:178,1
DA:179,1
DA:180,4
DA:182,0
DA:184,1
DA:185,1
DA:187,3
DA:190,0
DA:192,1
DA:193,1
DA:195,2
DA:196,1
DA:201,1
DA:202,1
DA:204,3
DA:207,1
DA:208,1
DA:210,3
DA:213,1
DA:214,1
DA:216,3
DA:219,1
DA:220,1
DA:222,3
DA:225,1
DA:226,1
DA:228,3
DA:231,1
DA:232,1
DA:234,3
DA:237,0
DA:239,1
DA:240,1
DA:242,3
DA:245,0
DA:247,1
DA:248,1
DA:250,3
DA:253,1
DA:254,1
DA:256,2
DA:257,1
DA:262,1
DA:263,1
DA:265,2
DA:266,1
DA:274,1
DA:275,1
DA:276,1
DA:278,0
DA:279,1
DA:280,3
DA:282,2
DA:284,3
DA:286,2
DA:288,3
DA:290,2
DA:292,3
DA:294,2
DA:296,3
DA:298,2
DA:300,3
DA:302,2
DA:304,3
DA:306,2
DA:308,3
DA:310,2
DA:312,3
DA:314,2
DA:316,3
DA:318,2
DA:320,3
DA:322,2
DA:324,3
DA:326,2
DA:328,3
DA:330,2
DA:335,1
DA:337,2
DA:355,1
DA:370,0
DA:372,0
DA:373,0
DA:374,0
DA:375,0
DA:376,0
DA:378,0
DA:379,0
DA:381,0
DA:382,0
DA:384,0
DA:385,0
DA:386,0
DA:388,0
DA:389,0
DA:391,0
DA:392,0
DA:393,0
DA:394,0
DA:396,0
DA:397,0
DA:399,0
DA:400,0
DA:405,0
DA:406,0
DA:407,0
DA:408,0
DA:409,0
DA:411,0
DA:412,0
DA:414,0
DA:415,0
DA:417,0
DA:418,0
DA:419,0
DA:421,0
DA:422,0
DA:424,0
DA:425,0
DA:426,0
DA:427,0
DA:429,0
DA:430,0
DA:432,0
DA:433,0
DA:435,0
DA:439,0
DA:443,0
DA:444,0
DA:445,0
DA:446,0
DA:447,0
DA:448,0
DA:449,0
DA:450,0
DA:451,0
DA:452,0
DA:453,0
DA:454,0
DA:455,0
DA:456,0
DA:457,0
DA:460,0
DA:462,0
DA:463,0
DA:464,0
DA:465,0
DA:466,0
DA:467,0
DA:468,0
DA:469,0
DA:470,0
DA:471,0
DA:472,0
DA:473,0
DA:474,0
DA:475,0
DA:476,0
DA:480,0
DA:494,0
DA:495,0
DA:496,0
DA:497,0
DA:498,0
DA:499,0
DA:500,0
DA:501,0
DA:502,0
DA:503,0
DA:504,0
DA:505,0
DA:506,0
DA:507,0
DA:508,0
DA:509,0
DA:511,0
DA:512,0
DA:513,0
DA:514,0
DA:515,0
DA:516,0
DA:517,0
DA:518,0
DA:519,0
DA:520,0
DA:521,0
DA:522,0
DA:523,0
DA:524,0
DA:525,0
DA:526,0
DA:527,0
DA:528,0
DA:529,0
DA:530,0
DA:531,0
DA:535,0
DA:537,0
DA:538,0
DA:539,0
DA:540,0
DA:541,0
DA:542,0
DA:543,0
DA:544,0
DA:545,0
DA:546,0
DA:547,0
DA:548,0
DA:549,0
DA:550,0
DA:551,0
DA:552,0
DA:555,0
DA:556,0
DA:557,0
DA:558,0
DA:559,0
DA:560,0
DA:561,0
DA:562,0
DA:563,0
DA:564,0
DA:565,0
DA:566,0
DA:567,0
DA:568,0
DA:569,0
DA:571,0
DA:574,0
DA:575,0
DA:576,0
DA:577,0
DA:578,0
DA:579,0
DA:580,0
DA:581,0
DA:582,0
DA:583,0
DA:584,0
DA:585,0
DA:586,0
DA:587,0
DA:605,1
DA:621,1
DA:636,1
DA:637,1
DA:638,1
DA:639,1
DA:640,0
DA:656,0
DA:657,0
DA:658,0
DA:659,0
DA:660,0
DA:661,0
DA:662,0
DA:663,0
DA:664,0
DA:665,0
DA:666,0
DA:667,0
DA:668,0
DA:669,0
DA:670,0
DA:674,0
DA:690,0
DA:691,0
DA:692,0
DA:693,0
DA:694,0
DA:695,0
DA:696,0
DA:697,0
DA:698,0
DA:699,0
DA:700,0
DA:701,0
DA:702,0
DA:703,0
DA:704,0
DA:708,1
DA:710,1
DA:711,2
DA:712,4
DA:714,2
DA:715,4
DA:717,2
DA:718,4
DA:720,2
DA:721,4
DA:723,2
DA:724,4
DA:726,2
DA:727,4
DA:729,2
DA:730,4
DA:732,2
DA:733,4
DA:735,2
DA:736,4
DA:738,2
DA:739,4
DA:741,2
DA:742,4
DA:744,2
DA:745,4
DA:747,2
DA:748,4
DA:750,2
DA:751,0
DA:756,0
DA:758,0
DA:759,0
DA:760,0
DA:761,0
DA:762,0
DA:763,0
DA:764,0
DA:765,0
DA:766,0
DA:767,0
DA:768,0
DA:769,0
DA:770,0
DA:771,0
DA:772,0
DA:773,0
DA:774,0
DA:779,2
DA:780,0
DA:781,2
DA:782,0
DA:784,0
DA:785,1
DA:786,2
DA:826,0
DA:833,0
DA:834,0
DA:835,0
DA:838,0
DA:839,0
DA:840,0
DA:843,0
DA:844,0
DA:845,0
DA:848,0
DA:849,0
DA:850,0
DA:853,0
DA:854,0
DA:855,0
DA:858,0
DA:859,0
DA:860,0
DA:863,0
DA:864,0
DA:865,0
DA:868,0
DA:869,0
DA:870,0
DA:873,0
DA:874,0
DA:875,0
DA:878,0
DA:879,0
DA:880,0
DA:883,0
DA:884,0
DA:885,0
DA:888,0
DA:889,0
DA:890,0
DA:893,0
DA:894,0
DA:895,0
DA:901,0
DA:908,0
DA:909,0
DA:910,0
DA:913,0
DA:914,0
DA:915,0
DA:918,0
DA:919,0
DA:920,0
DA:923,0
DA:924,0
DA:925,0
DA:928,0
DA:929,0
DA:930,0
DA:933,0
DA:934,0
DA:935,0
DA:938,0
DA:939,0
DA:940,0
DA:943,0
DA:944,0
DA:945,0
DA:948,0
DA:949,0
DA:950,0
DA:953,0
DA:954,0
DA:955,0
DA:958,0
DA:959,0
DA:960,0
DA:963,0
DA:964,0
DA:965,0
DA:968,0
DA:969,0
DA:970,0
DA:976,0
DA:983,0
DA:984,0
DA:986,0
DA:987,0
DA:989,0
DA:990,0
DA:991,0
DA:994,0
DA:995,0
DA:997,0
DA:998,0
DA:1000,0
DA:1001,0
DA:1003,0
DA:1004,0
DA:1006,0
DA:1007,0
DA:1009,0
DA:1010,0
DA:1012,0
DA:1013,0
DA:1015,0
DA:1016,0
DA:1018,0
DA:1019,0
DA:1020,0
DA:1023,0
DA:1024,0
DA:1025,0
DA:1047,0
DA:1048,0
DA:1049,0
DA:1052,0
DA:1053,0
DA:1054,0
DA:1055,0
DA:1056,0
DA:1057,0
DA:1059,0
DA:1074,0
DA:1091,0
DA:1106,0
DA:1122,0
DA:1123,0
DA:1124,0
DA:1150,0
DA:1151,0
DA:1152,0
LF:513
LH:162
end_of_record
SF:lib/data/repositories/users_yuutai_repository_local.dart
DA:9,1
DA:14,1
DA:16,4
DA:17,7
DA:18,3
DA:21,1
DA:23,4
DA:24,7
DA:25,1
DA:26,1
DA:29,1
DA:31,1
DA:32,5
DA:34,1
DA:36,1
DA:37,2
DA:40,2
DA:41,2
DA:42,2
DA:43,2
DA:44,2
DA:45,2
DA:46,2
DA:49,5
DA:52,0
DA:53,0
DA:57,1
DA:59,1
DA:60,9
DA:61,1
DA:62,1
DA:63,1
DA:69,2
DA:73,1
DA:75,1
DA:76,9
DA:77,1
DA:78,1
DA:79,1
DA:82,2
DA:85,1
DA:87,2
DA:88,4
DA:89,1
DA:90,4
DA:91,3
DA:92,3
DA:93,2
DA:95,1
DA:96,1
DA:99,1
DA:101,1
DA:102,2
DA:103,1
DA:104,1
DA:105,1
DA:106,1
DA:107,1
DA:108,1
DA:109,1
DA:110,1
DA:111,1
DA:112,1
DA:113,1
DA:116,1
LF:65
LH:63
end_of_record
